This is pdfTeX, Version 3.14159265-2.6-1.40.17 (TeX Live 2016) (preloaded format=pdflatex 2016.5.22)  30 MAY 2017 19:14
entering extended mode
 restricted \write18 enabled.
 file:line:error style messages enabled.
 %&-line parsing enabled.
**zen.tex
(./zen.tex
LaTeX2e <2016/03/31>
Babel <3.9r> and hyphenation patterns for 83 language(s) loaded.
(/usr/local/texlive/2016/texmf-dist/tex/latex/base/article.cls
Document Class: article 2014/09/29 v1.4h Standard LaTeX document class
(/usr/local/texlive/2016/texmf-dist/tex/latex/base/size10.clo
File: size10.clo 2014/09/29 v1.4h Standard LaTeX file (size option)
)
\c@part=\count79
\c@section=\count80
\c@subsection=\count81
\c@subsubsection=\count82
\c@paragraph=\count83
\c@subparagraph=\count84
\c@figure=\count85
\c@table=\count86
\abovecaptionskip=\skip41
\belowcaptionskip=\skip42
\bibindent=\dimen102
)
(/usr/local/texlive/2016/texmf-dist/tex/latex/amsmath/amsmath.sty
Package: amsmath 2016/03/10 v2.15b AMS math features
\@mathmargin=\skip43

For additional information on amsmath, use the `?' option.
(/usr/local/texlive/2016/texmf-dist/tex/latex/amsmath/amstext.sty
Package: amstext 2000/06/29 v2.01 AMS text

(/usr/local/texlive/2016/texmf-dist/tex/latex/amsmath/amsgen.sty
File: amsgen.sty 1999/11/30 v2.0 generic functions
\@emptytoks=\toks14
\ex@=\dimen103
))
(/usr/local/texlive/2016/texmf-dist/tex/latex/amsmath/amsbsy.sty
Package: amsbsy 1999/11/29 v1.2d Bold Symbols
\pmbraise@=\dimen104
)
(/usr/local/texlive/2016/texmf-dist/tex/latex/amsmath/amsopn.sty
Package: amsopn 2016/03/08 v2.02 operator names
)
\inf@bad=\count87
LaTeX Info: Redefining \frac on input line 199.
\uproot@=\count88
\leftroot@=\count89
LaTeX Info: Redefining \overline on input line 297.
\classnum@=\count90
\DOTSCASE@=\count91
LaTeX Info: Redefining \ldots on input line 394.
LaTeX Info: Redefining \dots on input line 397.
LaTeX Info: Redefining \cdots on input line 518.
\Mathstrutbox@=\box26
\strutbox@=\box27
\big@size=\dimen105
LaTeX Font Info:    Redeclaring font encoding OML on input line 634.
LaTeX Font Info:    Redeclaring font encoding OMS on input line 635.
\macc@depth=\count92
\c@MaxMatrixCols=\count93
\dotsspace@=\muskip10
\c@parentequation=\count94
\dspbrk@lvl=\count95
\tag@help=\toks15
\row@=\count96
\column@=\count97
\maxfields@=\count98
\andhelp@=\toks16
\eqnshift@=\dimen106
\alignsep@=\dimen107
\tagshift@=\dimen108
\tagwidth@=\dimen109
\totwidth@=\dimen110
\lineht@=\dimen111
\@envbody=\toks17
\multlinegap=\skip44
\multlinetaggap=\skip45
\mathdisplay@stack=\toks18
LaTeX Info: Redefining \[ on input line 2739.
LaTeX Info: Redefining \] on input line 2740.
)
(/usr/local/texlive/2016/texmf-dist/tex/latex/listings/listings.sty
(/usr/local/texlive/2016/texmf-dist/tex/latex/graphics/keyval.sty
Package: keyval 2014/10/28 v1.15 key=value parser (DPC)
\KV@toks@=\toks19
)
\lst@mode=\count99
\lst@gtempboxa=\box28
\lst@token=\toks20
\lst@length=\count100
\lst@currlwidth=\dimen112
\lst@column=\count101
\lst@pos=\count102
\lst@lostspace=\dimen113
\lst@width=\dimen114
\lst@newlines=\count103
\lst@lineno=\count104
\lst@maxwidth=\dimen115

(/usr/local/texlive/2016/texmf-dist/tex/latex/listings/lstmisc.sty
File: lstmisc.sty 2015/06/04 1.6 (Carsten Heinz)
\c@lstnumber=\count105
\lst@skipnumbers=\count106
\lst@framebox=\box29
)
(/usr/local/texlive/2016/texmf-dist/tex/latex/listings/listings.cfg
File: listings.cfg 2015/06/04 1.6 listings configuration
))
Package: listings 2015/06/04 1.6 (Carsten Heinz)

(/usr/local/texlive/2016/texmf-dist/tex/latex/tools/array.sty
Package: array 2014/10/28 v2.4c Tabular extension package (FMi)
\col@sep=\dimen116
\extrarowheight=\dimen117
\NC@list=\toks21
\extratabsurround=\skip46
\backup@length=\skip47
)
(/usr/local/texlive/2016/texmf-dist/tex/latex/easy/easytable.sty
Document Style `easytable' v1.0 <2001/06/13>.
(/usr/local/texlive/2016/texmf-dist/tex/latex/easy/easy.sty
Document Style `easy' v1.1 <2001/05/31>.
Package: easy 2001/05/31 v1.1
\@easy@level=\count107
\@easy@ncol=\count108
\@easy@nrow=\count109
\@easy@cnt=\count110
\@easy@boxviii=\box30
\@easy@minxviii=\dimen118
\@easy@minyviii=\dimen119
\@easy@maxxviii=\dimen120
\@easy@maxyviii=\dimen121
\@easy@boxvii=\box31
\@easy@minxvii=\dimen122
\@easy@minyvii=\dimen123
\@easy@maxxvii=\dimen124
\@easy@maxyvii=\dimen125
\@easy@boxvi=\box32
\@easy@minxvi=\dimen126
\@easy@minyvi=\dimen127
\@easy@maxxvi=\dimen128
\@easy@maxyvi=\dimen129
\@easy@boxv=\box33
\@easy@minxv=\dimen130
\@easy@minyv=\dimen131
\@easy@maxxv=\dimen132
\@easy@maxyv=\dimen133
\@easy@boxiv=\box34
\@easy@minxiv=\dimen134
\@easy@minyiv=\dimen135
\@easy@maxxiv=\dimen136
\@easy@maxyiv=\dimen137
\@easy@boxiii=\box35
\@easy@minxiii=\dimen138
\@easy@minyiii=\dimen139
\@easy@maxxiii=\dimen140
\@easy@maxyiii=\dimen141
\@easy@boxii=\box36
\@easy@minxii=\dimen142
\@easy@minyii=\dimen143
\@easy@maxxii=\dimen144
\@easy@maxyii=\dimen145
\@easy@boxi=\box37
\@easy@minxi=\dimen146
\@easy@minyi=\dimen147
\@easy@maxxi=\dimen148
\@easy@maxyi=\dimen149
\@easy@hsizexxx=\dimen150
\@easy@vsizexxx=\dimen151
\@easy@hsizexxix=\dimen152
\@easy@vsizexxix=\dimen153
\@easy@hsizexxviii=\dimen154
\@easy@vsizexxviii=\dimen155
\@easy@hsizexxvii=\dimen156
\@easy@vsizexxvii=\dimen157
\@easy@hsizexxvi=\dimen158
\@easy@vsizexxvi=\dimen159
\@easy@hsizexxv=\dimen160
\@easy@vsizexxv=\dimen161
\@easy@hsizexxiv=\dimen162
\@easy@vsizexxiv=\dimen163
\@easy@hsizexxiii=\dimen164
\@easy@vsizexxiii=\dimen165
\@easy@hsizexxii=\dimen166
\@easy@vsizexxii=\dimen167
\@easy@hsizexxi=\dimen168
\@easy@vsizexxi=\dimen169
\@easy@hsizexx=\dimen170
\@easy@vsizexx=\dimen171
\@easy@hsizexix=\dimen172
\@easy@vsizexix=\dimen173
\@easy@hsizexviii=\dimen174
\@easy@vsizexviii=\dimen175
\@easy@hsizexvii=\dimen176
\@easy@vsizexvii=\dimen177
\@easy@hsizexvi=\dimen178
\@easy@vsizexvi=\dimen179
\@easy@hsizexv=\dimen180
\@easy@vsizexv=\dimen181
\@easy@hsizexiv=\dimen182
\@easy@vsizexiv=\dimen183
\@easy@hsizexiii=\dimen184
\@easy@vsizexiii=\dimen185
\@easy@hsizexii=\dimen186
\@easy@vsizexii=\dimen187
\@easy@hsizexi=\dimen188
\@easy@vsizexi=\dimen189
\@easy@hsizex=\dimen190
\@easy@vsizex=\dimen191
\@easy@hsizeix=\dimen192
\@easy@vsizeix=\dimen193
\@easy@hsizeviii=\dimen194
\@easy@vsizeviii=\dimen195
\@easy@hsizevii=\dimen196
\@easy@vsizevii=\dimen197
\@easy@hsizevi=\dimen198
\@easy@vsizevi=\dimen199
\@easy@hsizev=\dimen256
\@easy@vsizev=\dimen257
\@easy@hsizeiv=\dimen258
\@easy@vsizeiv=\dimen259
\@easy@hsizeiii=\dimen260
\@easy@vsizeiii=\dimen261
\@easy@hsizeii=\dimen262
\@easy@vsizeii=\dimen263
\@easy@hsizei=\dimen264
\@easy@vsizei=\dimen265
\@easy@dash@len=\dimen266
\@easy@dash@sep=\dimen267
)
Package: easytable 2001/05/31v1.1
\@tab@size@rule=\dimen268
\@tab@size@dash=\dimen269
) (/usr/local/texlive/2016/texmf-dist/tex/latex/caption/subcaption.sty
Package: subcaption 2016/02/20 v1.1-142 Sub-captions (AR)

(/usr/local/texlive/2016/texmf-dist/tex/latex/caption/caption.sty
Package: caption 2016/02/21 v3.3-144 Customizing captions (AR)

(/usr/local/texlive/2016/texmf-dist/tex/latex/caption/caption3.sty
Package: caption3 2016/02/04 v1.7-139 caption3 kernel (AR)
Package caption3 Info: TeX engine: e-TeX on input line 67.
\captionmargin=\dimen270
\captionmargin@=\dimen271
\captionwidth=\dimen272
\caption@tempdima=\dimen273
\caption@indent=\dimen274
\caption@parindent=\dimen275
\caption@hangindent=\dimen276
)
\c@ContinuedFloat=\count111
Package caption Info: listings package is loaded.
)
\c@subfigure=\count112
\c@subtable=\count113
)
(./zen.aux)
\openout1 = `zen.aux'.

LaTeX Font Info:    Checking defaults for OML/cmm/m/it on input line 14.
LaTeX Font Info:    ... okay on input line 14.
LaTeX Font Info:    Checking defaults for T1/cmr/m/n on input line 14.
LaTeX Font Info:    ... okay on input line 14.
LaTeX Font Info:    Checking defaults for OT1/cmr/m/n on input line 14.
LaTeX Font Info:    ... okay on input line 14.
LaTeX Font Info:    Checking defaults for OMS/cmsy/m/n on input line 14.
LaTeX Font Info:    ... okay on input line 14.
LaTeX Font Info:    Checking defaults for OMX/cmex/m/n on input line 14.
LaTeX Font Info:    ... okay on input line 14.
LaTeX Font Info:    Checking defaults for U/cmr/m/n on input line 14.
LaTeX Font Info:    ... okay on input line 14.
\c@lstlisting=\count114
Package caption Info: Begin \AtBeginDocument code.
Package caption Info: End \AtBeginDocument code.
 [1

{/usr/local/texlive/2016/texmf-var/fonts/map/pdftex/updmap/pdftex.map}] [1]
Overfull \hbox (7.33281pt too wide) in paragraph at lines 60--61
\OT1/cmr/m/n/10 ``hello world'' pro-gram might look some-thing more like [][][]
[][][][].
 []


Overfull \hbox (1.49933pt too wide) in paragraph at lines 68--69
[][][][][][][][][][][][][][][][][][][][][][][][][][][][] 
 []

[2] [3] [4] (./zen.aux) ) 
Here is how much of TeX's memory you used:
 3414 strings out of 493014
 50788 string characters out of 6133351
 128487 words of memory out of 5000000
 6977 multiletter control sequences out of 15000+600000
 8775 words of font info for 32 fonts, out of 8000000 for 9000
 1141 hyphenation exceptions out of 8191
 42i,6n,40p,718b,1397s stack positions out of 5000i,500n,10000p,200000b,80000s
</usr/local/texlive/2016/texmf-dist/fonts/type1/public
/amsfonts/cm/cmbx12.pfb></usr/local/texlive/2016/texmf-dist/fonts/type1/public/
amsfonts/cm/cmr10.pfb></usr/local/texlive/2016/texmf-dist/fonts/type1/public/am
sfonts/cm/cmr12.pfb></usr/local/texlive/2016/texmf-dist/fonts/type1/public/amsf
onts/cm/cmr17.pfb></usr/local/texlive/2016/texmf-dist/fonts/type1/public/amsfon
ts/cm/cmti10.pfb></usr/local/texlive/2016/texmf-dist/fonts/type1/public/amsfont
s/cm/cmtt10.pfb>
Output written on zen.pdf (5 pages, 88271 bytes).
PDF statistics:
 44 PDF objects out of 1000 (max. 8388607)
 30 compressed objects within 1 object stream
 0 named destinations out of 1000 (max. 500000)
 1 words of extra memory for PDF output out of 10000 (max. 10000000)

